<?xml version="1.0" encoding="UTF-8"?>
<!-- Generated by org.testng.reporters.JUnitReportReporter -->
<testsuite hostname="ASCINLAP61472" failures="0" tests="4" name="Pack1.TC0010" time="0.031" errors="0" timestamp="2025-10-15T12:05:54 IST" skipped="0">
  <testcase classname="Pack1.TC0010" name="zohotest" time="0.022"/>
  <system-out/>
  <testcase classname="Pack1.TC0010" name="amazontest" time="0.004"/>
  <system-out/>
  <testcase classname="Pack1.TC0010" name="yahootest" time="0.003"/>
  <system-out/>
  <testcase classname="Pack1.TC0010" name="aaaa" time="0.002"/>
  <system-out/>
</testsuite> <!-- Pack1.TC0010 -->
