<?xml version="1.0" encoding="UTF-8"?>
<!-- Generated by org.testng.reporters.JUnitReportReporter -->
<testsuite hostname="ASCINLAP61472" failures="0" tests="2" name="pac1.TC008_TestNG" time="17.431" errors="0" timestamp="2025-10-15T10:25:11 IST" skipped="0">
  <testcase classname="pac1.TC008_TestNG" name="f" time="10.421"/>
  <system-out/>
  <testcase classname="pac1.TC008_TestNG" name="f" time="7.010"/>
  <system-out/>
</testsuite> <!-- pac1.TC008_TestNG -->
